#
# There is insufficient memory for the Java Runtime Environment to continue.
# Native memory allocation (malloc) failed to allocate 591152 bytes for Chunk::new
# Possible reasons:
#   The system is out of physical RAM or swap space
#   In 32 bit mode, the process size limit was hit
# Possible solutions:
#   Reduce memory load on the system
#   Increase physical memory or swap space
#   Check if swap backing store is full
#   Use 64 bit Java on a 64 bit OS
#   Decrease Java heap size (-Xmx/-Xms)
#   Decrease number of Java threads
#   Decrease Java thread stack sizes (-Xss)
#   Set larger code cache with -XX:ReservedCodeCacheSize=
# This output file may be truncated or incomplete.
#
#  Out of Memory Error (allocation.cpp:390), pid=9824, tid=0x0000000000003ab4
#
# JRE version: OpenJDK Runtime Environment (8.0_152-b06) (build 1.8.0_152-release-1136-b06)
# Java VM: OpenJDK 64-Bit Server VM (25.152-b06 mixed mode windows-amd64 compressed oops)
# Failed to write core dump. Minidumps are not enabled by default on client versions of Windows
#

---------------  T H R E A D  ---------------

Current thread (0x000000001693d000):  JavaThread "C2 CompilerThread0" daemon [_thread_in_native, id=15028, stack(0x0000000017ea0000,0x0000000017fa0000)]

Stack: [0x0000000017ea0000,0x0000000017fa0000]
[error occurred during error reporting (printing stack bounds), id 0xc0000005]

Native frames: (J=compiled Java code, j=interpreted, Vv=VM code, C=native code)


Current CompileTask:
C2: 964249 17019       4       com.android.dx.rop.code.Rops::ropFor (852 bytes)


---------------  P R O C E S S  ---------------

Java Threads: ( => current thread )
  0x000000001c39c000 JavaThread "Keep-Alive-Timer" daemon [_thread_blocked, id=6712, stack(0x0000000028e10000,0x0000000028f10000)]
  0x000000001c39c800 JavaThread "ForkJoinPool.commonPool-worker-0" daemon [_thread_in_Java, id=13780, stack(0x0000000028d10000,0x0000000028e10000)]
  0x000000001c398000 JavaThread "ForkJoinPool.commonPool-worker-3" daemon [_thread_blocked, id=17120, stack(0x0000000028c10000,0x0000000028d10000)]
  0x000000001c39b000 JavaThread "ForkJoinPool.commonPool-worker-2" daemon [_thread_blocked, id=6444, stack(0x0000000028b10000,0x0000000028c10000)]
  0x000000001c397800 JavaThread "Cache worker for Java compile cache (D:\Lestari\Kuliah\Semester 8\After Prasidang\Implement\DiTenunUIPrototype\.gradle\4.1\javaCompile)" [_thread_blocked, id=16812, stack(0x0000000028410000,0x0000000028510000)]
  0x000000001c39d800 JavaThread "Task worker for ':' Thread 3" [_thread_blocked, id=17340, stack(0x0000000027610000,0x0000000027710000)]
  0x0000000019e0b000 JavaThread "Task worker for ':' Thread 2" [_thread_blocked, id=3836, stack(0x0000000027510000,0x0000000027610000)]
  0x0000000019e0a800 JavaThread "Task worker for ':'" [_thread_blocked, id=4720, stack(0x0000000027410000,0x0000000027510000)]
  0x0000000019e0c000 JavaThread "Cache worker for task history cache (D:\Lestari\Kuliah\Semester 8\After Prasidang\Implement\DiTenunUIPrototype\.gradle\4.1\taskHistory)" [_thread_blocked, id=2136, stack(0x0000000027310000,0x0000000027410000)]
  0x0000000019e0e800 JavaThread "Cache worker for file content cache (D:\Lestari\Kuliah\Semester 8\After Prasidang\Implement\DiTenunUIPrototype\.gradle\4.1\fileContent)" [_thread_blocked, id=104, stack(0x0000000027210000,0x0000000027310000)]
  0x0000000019e0d800 JavaThread "build operations Thread 4" [_thread_blocked, id=10516, stack(0x0000000027110000,0x0000000027210000)]
  0x0000000019e09800 JavaThread "build operations Thread 3" [_thread_blocked, id=13456, stack(0x0000000027010000,0x0000000027110000)]
  0x0000000019e08000 JavaThread "build operations Thread 2" [_thread_blocked, id=6840, stack(0x0000000026f10000,0x0000000027010000)]
  0x000000001d106800 JavaThread "build operations" [_thread_blocked, id=3900, stack(0x0000000026e10000,0x0000000026f10000)]
  0x000000001d109000 JavaThread "Cache worker for Artifact transforms cache (C:\Users\Lestari Siregar\.gradle\caches\transforms-1)" [_thread_blocked, id=16660, stack(0x0000000026d10000,0x0000000026e10000)]
  0x000000001d109800 JavaThread "Cache worker for file hash cache (D:\Lestari\Kuliah\Semester 8\After Prasidang\Implement\DiTenunUIPrototype\.gradle\4.1\fileHashes)" [_thread_blocked, id=16116, stack(0x0000000026c10000,0x0000000026d10000)]
  0x000000001d108000 JavaThread "Asynchronous log dispatcher for DefaultDaemonConnection: socket connection from /127.0.0.1:63762 to /127.0.0.1:65235" [_thread_blocked, id=13252, stack(0x0000000026a10000,0x0000000026b10000)]
  0x000000001d10c800 JavaThread "Daemon worker Thread 3" [_thread_blocked, id=9368, stack(0x0000000026910000,0x0000000026a10000)]
  0x000000001d107800 JavaThread "Cancel handler" [_thread_blocked, id=15020, stack(0x0000000026810000,0x0000000026910000)]
  0x000000001d10a800 JavaThread "Handler for socket connection from /127.0.0.1:63762 to /127.0.0.1:65235" [_thread_in_native, id=16964, stack(0x0000000026710000,0x0000000026810000)]
  0x000000001d10c000 JavaThread "Daemon Thread 3" [_thread_blocked, id=15044, stack(0x0000000026610000,0x0000000026710000)]
  0x0000000019e0c800 JavaThread "Memory manager" [_thread_blocked, id=7112, stack(0x0000000021540000,0x0000000021640000)]
  0x00000000194f1000 JavaThread "File lock request listener" [_thread_in_native, id=6024, stack(0x000000001b0f0000,0x000000001b1f0000)]
  0x00000000189bf000 JavaThread "Cache worker for file hash cache (C:\Users\Lestari Siregar\.gradle\caches\4.1\fileHashes)" [_thread_blocked, id=11416, stack(0x000000001aff0000,0x000000001b0f0000)]
  0x000000001934c800 JavaThread "Daemon periodic checks" [_thread_blocked, id=9128, stack(0x000000001a6f0000,0x000000001a7f0000)]
  0x000000001934b000 JavaThread "Incoming local TCP Connector on port 63762" [_thread_in_native, id=212, stack(0x000000001a4b0000,0x000000001a5b0000)]
  0x00000000181ca800 JavaThread "Service Thread" daemon [_thread_blocked, id=7192, stack(0x00000000185a0000,0x00000000186a0000)]
  0x0000000016985800 JavaThread "C1 CompilerThread2" daemon [_thread_blocked, id=12516, stack(0x00000000180a0000,0x00000000181a0000)]
  0x0000000016945800 JavaThread "C2 CompilerThread1" daemon [_thread_in_native, id=16280, stack(0x0000000017fa0000,0x00000000180a0000)]
=>0x000000001693d000 JavaThread "C2 CompilerThread0" daemon [_thread_in_native, id=15028, stack(0x0000000017ea0000,0x0000000017fa0000)]
  0x000000001693b000 JavaThread "Attach Listener" daemon [_thread_blocked, id=4164, stack(0x0000000017da0000,0x0000000017ea0000)]
  0x000000001693a000 JavaThread "Signal Dispatcher" daemon [_thread_blocked, id=10328, stack(0x0000000017ca0000,0x0000000017da0000)]
  0x0000000002fcd800 JavaThread "Finalizer" daemon [_thread_blocked, id=14108, stack(0x0000000017ba0000,0x0000000017ca0000)]
  0x0000000002fc2800 JavaThread "Reference Handler" daemon [_thread_blocked, id=10144, stack(0x0000000017aa0000,0x0000000017ba0000)]
  0x0000000002ed2800 JavaThread "main" [_thread_blocked, id=6236, stack(0x0000000002dd0000,0x0000000002ed0000)]

Other Threads:
  0x0000000016906000 VMThread [stack: 0x00000000179a0000,0x0000000017aa0000] [id=488]
  0x00000000181cc800 WatcherThread [stack: 0x00000000186a0000,0x00000000187a0000] [id=8656]

VM state:not at safepoint (normal execution)

VM Mutex/Monitor currently owned by a thread: None

Heap:
 PSYoungGen      total 437248K, used 60827K [0x00000000e0000000, 0x00000000fe200000, 0x0000000100000000)
  eden space 386560K, 15% used [0x00000000e0000000,0x00000000e3b66d28,0x00000000f7980000)
  from space 50688K, 0% used [0x00000000fa900000,0x00000000fa900000,0x00000000fda80000)
  to   space 48640K, 0% used [0x00000000f7980000,0x00000000f7980000,0x00000000fa900000)
 ParOldGen       total 110080K, used 105048K [0x00000000a0000000, 0x00000000a6b80000, 0x00000000e0000000)
  object space 110080K, 95% used [0x00000000a0000000,0x00000000a6696240,0x00000000a6b80000)
 Metaspace       used 83672K, capacity 86712K, committed 87188K, reserved 1126400K
  class space    used 10413K, capacity 11084K, committed 11196K, reserved 1048576K

Card table byte_map: [0x0000000012390000,0x00000000126a0000] byte_map_base: 0x0000000011e90000

Marking Bits: (ParMarkBitMap*) 0x00000000690e5aa0
 Begin Bits: [0x0000000012ca0000, 0x00000000144a0000)
 End Bits:   [0x00000000144a0000, 0x0000000015ca0000)

Polling page: 0x0000000000bf0000

CodeCache: size=245760Kb used=50528Kb max_used=50554Kb free=195231Kb
 bounds [0x0000000002fd0000, 0x0000000006170000, 0x0000000011fd0000]
 total_blobs=15116 nmethods=14257 adapters=770
 compilation: enabled

Compilation events (10 events):
Event: 962.973 Thread 0x0000000016985800 17125       3       com.android.dx.dex.cf.CfTranslator::translate0 (416 bytes)
Event: 963.049 Thread 0x0000000016985800 nmethod 17125 0x0000000006161ad0 code [0x0000000006162120, 0x0000000006166798]
Event: 963.050 Thread 0x0000000016985800 17127       2       java.util.zip.Inflater::finalize (5 bytes)
Event: 963.051 Thread 0x0000000016985800 nmethod 17127 0x000000000615bb50 code [0x000000000615bcc0, 0x000000000615be28]
Event: 963.053 Thread 0x0000000016985800 17126       2       java.util.zip.ZipOutputStream::writeCEN (514 bytes)
Event: 963.055 Thread 0x0000000016985800 nmethod 17126 0x000000000615a050 code [0x000000000615a380, 0x000000000615ae38]
Event: 963.108 Thread 0x0000000016985800 17129       2       com.google.common.hash.ChecksumHashFunction$ChecksumHasher::update (13 bytes)
Event: 963.109 Thread 0x0000000016985800 nmethod 17129 0x00000000037c24d0 code [0x00000000037c2640, 0x00000000037c27c8]
Event: 963.111 Thread 0x0000000016985800 17132       2       com.google.common.collect.Maps::newHashMap (8 bytes)
Event: 963.112 Thread 0x0000000016985800 nmethod 17132 0x0000000006159cd0 code [0x0000000006159e20, 0x0000000006159fb0]

GC Heap History (10 events):
Event: 646.464 GC heap before
{Heap before GC invocations=18 (full 3):
 PSYoungGen      total 242688K, used 237542K [0x00000000e0000000, 0x00000000f0680000, 0x0000000100000000)
  eden space 221696K, 100% used [0x00000000e0000000,0x00000000ed880000,0x00000000ed880000)
  from space 20992K, 75% used [0x00000000eee80000,0x00000000efdf9800,0x00000000f0300000)
  to   space 22528K, 0% used [0x00000000ed880000,0x00000000ed880000,0x00000000eee80000)
 ParOldGen       total 102912K, used 34367K [0x00000000a0000000, 0x00000000a6480000, 0x00000000e0000000)
  object space 102912K, 33% used [0x00000000a0000000,0x00000000a218ff88,0x00000000a6480000)
 Metaspace       used 66783K, capacity 69276K, committed 69524K, reserved 1110016K
  class space    used 8749K, capacity 9334K, committed 9404K, reserved 1048576K
Event: 646.511 GC heap after
Heap after GC invocations=18 (full 3):
 PSYoungGen      total 244224K, used 22518K [0x00000000e0000000, 0x00000000f6980000, 0x0000000100000000)
  eden space 221696K, 0% used [0x00000000e0000000,0x00000000e0000000,0x00000000ed880000)
  from space 22528K, 99% used [0x00000000ed880000,0x00000000eee7dbc8,0x00000000eee80000)
  to   space 27136K, 0% used [0x00000000f4f00000,0x00000000f4f00000,0x00000000f6980000)
 ParOldGen       total 102912K, used 38416K [0x00000000a0000000, 0x00000000a6480000, 0x00000000e0000000)
  object space 102912K, 37% used [0x00000000a0000000,0x00000000a25840f0,0x00000000a6480000)
 Metaspace       used 66783K, capacity 69276K, committed 69524K, reserved 1110016K
  class space    used 8749K, capacity 9334K, committed 9404K, reserved 1048576K
}
Event: 904.180 GC heap before
{Heap before GC invocations=19 (full 3):
 PSYoungGen      total 244224K, used 244214K [0x00000000e0000000, 0x00000000f6980000, 0x0000000100000000)
  eden space 221696K, 100% used [0x00000000e0000000,0x00000000ed880000,0x00000000ed880000)
  from space 22528K, 99% used [0x00000000ed880000,0x00000000eee7dbc8,0x00000000eee80000)
  to   space 27136K, 0% used [0x00000000f4f00000,0x00000000f4f00000,0x00000000f6980000)
 ParOldGen       total 102912K, used 38416K [0x00000000a0000000, 0x00000000a6480000, 0x00000000e0000000)
  object space 102912K, 37% used [0x00000000a0000000,0x00000000a25840f0,0x00000000a6480000)
 Metaspace       used 70447K, capacity 73280K, committed 73492K, reserved 1114112K
  class space    used 9134K, capacity 9788K, committed 9788K, reserved 1048576K
Event: 904.297 GC heap after
Heap after GC invocations=19 (full 3):
 PSYoungGen      total 333824K, used 25423K [0x00000000e0000000, 0x00000000f6880000, 0x0000000100000000)
  eden space 307712K, 0% used [0x00000000e0000000,0x00000000e0000000,0x00000000f2c80000)
  from space 26112K, 97% used [0x00000000f4f00000,0x00000000f67d3d10,0x00000000f6880000)
  to   space 30720K, 0% used [0x00000000f2c80000,0x00000000f2c80000,0x00000000f4a80000)
 ParOldGen       total 102912K, used 38424K [0x00000000a0000000, 0x00000000a6480000, 0x00000000e0000000)
  object space 102912K, 37% used [0x00000000a0000000,0x00000000a25860f0,0x00000000a6480000)
 Metaspace       used 70447K, capacity 73280K, committed 73492K, reserved 1114112K
  class space    used 9134K, capacity 9788K, committed 9788K, reserved 1048576K
}
Event: 937.613 GC heap before
{Heap before GC invocations=20 (full 3):
 PSYoungGen      total 333824K, used 333135K [0x00000000e0000000, 0x00000000f6880000, 0x0000000100000000)
  eden space 307712K, 100% used [0x00000000e0000000,0x00000000f2c80000,0x00000000f2c80000)
  from space 26112K, 97% used [0x00000000f4f00000,0x00000000f67d3d10,0x00000000f6880000)
  to   space 30720K, 0% used [0x00000000f2c80000,0x00000000f2c80000,0x00000000f4a80000)
 ParOldGen       total 102912K, used 38424K [0x00000000a0000000, 0x00000000a6480000, 0x00000000e0000000)
  object space 102912K, 37% used [0x00000000a0000000,0x00000000a25860f0,0x00000000a6480000)
 Metaspace       used 77678K, capacity 80580K, committed 80660K, reserved 1120256K
  class space    used 9888K, capacity 10554K, committed 10556K, reserved 1048576K
Event: 938.088 GC heap after
Heap after GC invocations=20 (full 3):
 PSYoungGen      total 338432K, used 30701K [0x00000000e0000000, 0x00000000fda80000, 0x0000000100000000)
  eden space 307712K, 0% used [0x00000000e0000000,0x00000000e0000000,0x00000000f2c80000)
  from space 30720K, 99% used [0x00000000f2c80000,0x00000000f4a7b428,0x00000000f4a80000)
  to   space 50688K, 0% used [0x00000000fa900000,0x00000000fa900000,0x00000000fda80000)
 ParOldGen       total 102912K, used 79594K [0x00000000a0000000, 0x00000000a6480000, 0x00000000e0000000)
  object space 102912K, 77% used [0x00000000a0000000,0x00000000a4dbaa10,0x00000000a6480000)
 Metaspace       used 77678K, capacity 80580K, committed 80660K, reserved 1120256K
  class space    used 9888K, capacity 10554K, committed 10556K, reserved 1048576K
}
Event: 954.275 GC heap before
{Heap before GC invocations=21 (full 3):
 PSYoungGen      total 338432K, used 338413K [0x00000000e0000000, 0x00000000fda80000, 0x0000000100000000)
  eden space 307712K, 100% used [0x00000000e0000000,0x00000000f2c80000,0x00000000f2c80000)
  from space 30720K, 99% used [0x00000000f2c80000,0x00000000f4a7b428,0x00000000f4a80000)
  to   space 50688K, 0% used [0x00000000fa900000,0x00000000fa900000,0x00000000fda80000)
 ParOldGen       total 102912K, used 79594K [0x00000000a0000000, 0x00000000a6480000, 0x00000000e0000000)
  object space 102912K, 77% used [0x00000000a0000000,0x00000000a4dbaa10,0x00000000a6480000)
 Metaspace       used 83698K, capacity 86810K, committed 87188K, reserved 1126400K
  class space    used 10425K, capacity 11107K, committed 11196K, reserved 1048576K
Event: 955.023 GC heap after
Heap after GC invocations=21 (full 3):
 PSYoungGen      total 437248K, used 11002K [0x00000000e0000000, 0x00000000fe200000, 0x0000000100000000)
  eden space 386560K, 0% used [0x00000000e0000000,0x00000000e0000000,0x00000000f7980000)
  from space 50688K, 21% used [0x00000000fa900000,0x00000000fb3be828,0x00000000fda80000)
  to   space 48640K, 0% used [0x00000000f7980000,0x00000000f7980000,0x00000000fa900000)
 ParOldGen       total 110080K, used 109996K [0x00000000a0000000, 0x00000000a6b80000, 0x00000000e0000000)
  object space 110080K, 99% used [0x00000000a0000000,0x00000000a6b6b0c8,0x00000000a6b80000)
 Metaspace       used 83698K, capacity 86810K, committed 87188K, reserved 1126400K
  class space    used 10425K, capacity 11107K, committed 11196K, reserved 1048576K
}
Event: 955.025 GC heap before
{Heap before GC invocations=22 (full 4):
 PSYoungGen      total 437248K, used 11002K [0x00000000e0000000, 0x00000000fe200000, 0x0000000100000000)
  eden space 386560K, 0% used [0x00000000e0000000,0x00000000e0000000,0x00000000f7980000)
  from space 50688K, 21% used [0x00000000fa900000,0x00000000fb3be828,0x00000000fda80000)
  to   space 48640K, 0% used [0x00000000f7980000,0x00000000f7980000,0x00000000fa900000)
 ParOldGen       total 110080K, used 109996K [0x00000000a0000000, 0x00000000a6b80000, 0x00000000e0000000)
  object space 110080K, 99% used [0x00000000a0000000,0x00000000a6b6b0c8,0x00000000a6b80000)
 Metaspace       used 83698K, capacity 86810K, committed 87188K, reserved 1126400K
  class space    used 10425K, capacity 11107K, committed 11196K, reserved 1048576K
Event: 961.905 GC heap after
Heap after GC invocations=22 (full 4):
 PSYoungGen      total 437248K, used 0K [0x00000000e0000000, 0x00000000fe200000, 0x0000000100000000)
  eden space 386560K, 0% used [0x00000000e0000000,0x00000000e0000000,0x00000000f7980000)
  from space 50688K, 0% used [0x00000000fa900000,0x00000000fa900000,0x00000000fda80000)
  to   space 48640K, 0% used [0x00000000f7980000,0x00000000f7980000,0x00000000fa900000)
 ParOldGen       total 110080K, used 105048K [0x00000000a0000000, 0x00000000a6b80000, 0x00000000e0000000)
  object space 110080K, 95% used [0x00000000a0000000,0x00000000a6696240,0x00000000a6b80000)
 Metaspace       used 83661K, capacity 86712K, committed 87188K, reserved 1126400K
  class space    used 10412K, capacity 11084K, committed 11196K, reserved 1048576K
}

Deoptimization events (10 events):
Event: 952.820 Thread 0x000000001c398000 Uncommon trap: reason=unstable_if action=reinterpret pc=0x0000000005fc8a98 method=com.android.dx.rop.code.RegisterSpec.matchesVariable(Lcom/android/dx/rop/code/RegisterSpec;)Z @ 59
Event: 952.911 Thread 0x000000001c39c800 Uncommon trap: reason=class_check action=maybe_recompile pc=0x000000000590c3f0 method=com.android.apkzlib.zip.ZipField.checkVerifiesInvariants(J)V @ 25
Event: 953.175 Thread 0x000000001c398000 Uncommon trap: reason=class_check action=maybe_recompile pc=0x000000000590c3f0 method=com.android.apkzlib.zip.ZipField.checkVerifiesInvariants(J)V @ 25
Event: 953.185 Thread 0x000000001c398000 Uncommon trap: reason=class_check action=maybe_recompile pc=0x000000000590c3f0 method=com.android.apkzlib.zip.ZipField.checkVerifiesInvariants(J)V @ 25
Event: 953.221 Thread 0x000000001c39c800 Uncommon trap: reason=unstable_if action=reinterpret pc=0x0000000005e58ddc method=com.android.dx.ssa.SCCP.simulateStmt(Lcom/android/dx/ssa/SsaInsn;)V @ 53
Event: 953.258 Thread 0x000000001c39b000 Uncommon trap: reason=unstable_if action=reinterpret pc=0x00000000060326a0 method=com.android.dx.rop.code.RegisterSpec.equals(ILcom/android/dx/rop/type/TypeBearer;Lcom/android/dx/rop/code/LocalItem;)Z @ 42
Event: 953.293 Thread 0x000000001c398000 Uncommon trap: reason=class_check action=maybe_recompile pc=0x00000000056c0a9c method=com.android.apkzlib.zip.ZipField.checkVerifiesInvariants(J)V @ 25
Event: 953.899 Thread 0x000000001c39b000 Uncommon trap: reason=unloaded action=reinterpret pc=0x0000000005f4f32c method=com.android.dx.cf.cst.ConstantPoolParser.parse0(ILjava/util/BitSet;)Lcom/android/dx/rop/cst/Constant; @ 176
Event: 953.904 Thread 0x000000001c39b000 Uncommon trap: reason=unstable_if action=reinterpret pc=0x0000000005e7bc68 method=com.android.dx.rop.code.RegisterSpec.equals(ILcom/android/dx/rop/type/TypeBearer;Lcom/android/dx/rop/code/LocalItem;)Z @ 42
Event: 954.139 Thread 0x000000001c39b000 Uncommon trap: reason=unstable_if action=reinterpret pc=0x00000000055def7c method=java.lang.Long.numberOfTrailingZeros(J)I @ 3

Classes redefined (0 events):
No events

Internal exceptions (10 events):
Event: 953.297 Thread 0x000000001c398000 Exception <a 'sun/nio/fs/WindowsException'> (0x00000000ee6108a0) thrown at [D:\src\AOSP-openjdk-cygwin\jdk8u\hotspot\src\share\vm\prims\jni.cpp, line 709]
Event: 953.594 Thread 0x000000001c398000 Exception <a 'sun/nio/fs/WindowsException'> (0x00000000ef8979b8) thrown at [D:\src\AOSP-openjdk-cygwin\jdk8u\hotspot\src\share\vm\prims\jni.cpp, line 709]
Event: 953.790 Thread 0x000000001c398000 Exception <a 'sun/nio/fs/WindowsException'> (0x00000000f0939258) thrown at [D:\src\AOSP-openjdk-cygwin\jdk8u\hotspot\src\share\vm\prims\jni.cpp, line 709]
Event: 953.830 Thread 0x000000001c39b000 Exception <a 'sun/nio/fs/WindowsException'> (0x00000000f0d789a8) thrown at [D:\src\AOSP-openjdk-cygwin\jdk8u\hotspot\src\share\vm\prims\jni.cpp, line 709]
Event: 953.883 Thread 0x000000001c39b000 Exception <a 'sun/nio/fs/WindowsException'> (0x00000000f1129498) thrown at [D:\src\AOSP-openjdk-cygwin\jdk8u\hotspot\src\share\vm\prims\jni.cpp, line 709]
Event: 953.899 Thread 0x000000001c398000 Exception <a 'sun/nio/fs/WindowsException'> (0x00000000f0d0d310) thrown at [D:\src\AOSP-openjdk-cygwin\jdk8u\hotspot\src\share\vm\prims\jni.cpp, line 709]
Event: 954.027 Thread 0x000000001c39b000 Exception <a 'sun/nio/fs/WindowsException'> (0x00000000f1ad4cd8) thrown at [D:\src\AOSP-openjdk-cygwin\jdk8u\hotspot\src\share\vm\prims\jni.cpp, line 709]
Event: 954.109 Thread 0x000000001c398000 Exception <a 'sun/nio/fs/WindowsException'> (0x00000000f237aa30) thrown at [D:\src\AOSP-openjdk-cygwin\jdk8u\hotspot\src\share\vm\prims\jni.cpp, line 709]
Event: 962.738 Thread 0x000000001c39b000 Exception <a 'sun/nio/fs/WindowsException'> (0x00000000e02e1178) thrown at [D:\src\AOSP-openjdk-cygwin\jdk8u\hotspot\src\share\vm\prims\jni.cpp, line 709]
Event: 962.969 Thread 0x000000001c398000 Exception <a 'sun/nio/fs/WindowsException'> (0x00000000e0a6dbc8) thrown at [D:\src\AOSP-openjdk-cygwin\jdk8u\hotspot\src\share\vm\prims\jni.cpp, line 709]

Events (10 events):
Event: 963.043 Executing VM operation: RevokeBias done
Event: 963.043 Executing VM operation: RevokeBias
Event: 963.044 Executing VM operation: RevokeBias done
Event: 963.044 Executing VM operation: RevokeBias
Event: 963.044 Executing VM operation: RevokeBias done
Event: 963.044 Executing VM operation: RevokeBias
Event: 963.044 Executing VM operation: RevokeBias done
Event: 963.044 Executing VM operation: BulkRevokeBias
Event: 963.045 Executing VM operation: BulkRevokeBias done
Event: 963.057 Thread 0x0000000016985800 flushing nmethod 0x00000000037c2310


Dynamic libraries:
0x00007ff6b3fc0000 - 0x00007ff6b3ff1000 	C:\Program Files\Android\Android Studio\jre\bin\java.exe
0x00007fff55800000 - 0x00007fff559e1000 	C:\WINDOWS\SYSTEM32\ntdll.dll
0x00007fff535c0000 - 0x00007fff53671000 	C:\WINDOWS\System32\KERNEL32.DLL
0x00007fff51d30000 - 0x00007fff51fa3000 	C:\WINDOWS\System32\KERNELBASE.dll
0x00007fff53860000 - 0x00007fff53901000 	C:\WINDOWS\System32\ADVAPI32.dll
0x00007fff55680000 - 0x00007fff5571e000 	C:\WINDOWS\System32\msvcrt.dll
0x00007fff52eb0000 - 0x00007fff52f0b000 	C:\WINDOWS\System32\sechost.dll
0x00007fff539a0000 - 0x00007fff53ac4000 	C:\WINDOWS\System32\RPCRT4.dll
0x00007fff55070000 - 0x00007fff55200000 	C:\WINDOWS\System32\USER32.dll
0x00007fff52980000 - 0x00007fff529a0000 	C:\WINDOWS\System32\win32u.dll
0x00007fff536e0000 - 0x00007fff53708000 	C:\WINDOWS\System32\GDI32.dll
0x00007fff51fb0000 - 0x00007fff52142000 	C:\WINDOWS\System32\gdi32full.dll
0x00007fff528e0000 - 0x00007fff5297f000 	C:\WINDOWS\System32\msvcp_win.dll
0x00007fff529a0000 - 0x00007fff52a98000 	C:\WINDOWS\System32\ucrtbase.dll
0x00007fff3fc70000 - 0x00007fff3fed9000 	C:\WINDOWS\WinSxS\amd64_microsoft.windows.common-controls_6595b64144ccf1df_6.0.17134.706_none_fb43a2cb30647007\COMCTL32.dll
0x00007fff552d0000 - 0x00007fff555f2000 	C:\WINDOWS\System32\combase.dll
0x00007fff52150000 - 0x00007fff521ca000 	C:\WINDOWS\System32\bcryptPrimitives.dll
0x00007fff52f40000 - 0x00007fff52f6d000 	C:\WINDOWS\System32\IMM32.DLL
0x00000000686a0000 - 0x0000000068772000 	C:\Program Files\Android\Android Studio\jre\jre\bin\msvcr100.dll
0x0000000068920000 - 0x0000000069161000 	C:\Program Files\Android\Android Studio\jre\jre\bin\server\jvm.dll
0x00007fff52f30000 - 0x00007fff52f38000 	C:\WINDOWS\System32\PSAPI.DLL
0x00007fff4e100000 - 0x00007fff4e123000 	C:\WINDOWS\SYSTEM32\WINMM.dll
0x00007fff42bf0000 - 0x00007fff42bfa000 	C:\WINDOWS\SYSTEM32\VERSION.dll
0x00007fff40bc0000 - 0x00007fff40bc9000 	C:\WINDOWS\SYSTEM32\WSOCK32.dll
0x00007fff4e0d0000 - 0x00007fff4e0fa000 	C:\WINDOWS\SYSTEM32\winmmbase.dll
0x00007fff51c80000 - 0x00007fff51cc9000 	C:\WINDOWS\System32\cfgmgr32.dll
0x00007fff55600000 - 0x00007fff5566c000 	C:\WINDOWS\System32\ws2_32.DLL
0x00007fff4e350000 - 0x00007fff4e35f000 	C:\Program Files\Android\Android Studio\jre\jre\bin\verify.dll
0x00007fff47ba0000 - 0x00007fff47bc9000 	C:\Program Files\Android\Android Studio\jre\jre\bin\java.dll
0x00007fff4cc00000 - 0x00007fff4cc16000 	C:\Program Files\Android\Android Studio\jre\jre\bin\zip.dll
0x00007fff53ad0000 - 0x00007fff54f10000 	C:\WINDOWS\System32\SHELL32.dll
0x00007fff55720000 - 0x00007fff557c9000 	C:\WINDOWS\System32\shcore.dll
0x00007fff521d0000 - 0x00007fff528dd000 	C:\WINDOWS\System32\windows.storage.dll
0x00007fff53560000 - 0x00007fff535b1000 	C:\WINDOWS\System32\shlwapi.dll
0x00007fff51b40000 - 0x00007fff51b51000 	C:\WINDOWS\System32\kernel.appcore.dll
0x00007fff51b60000 - 0x00007fff51b7f000 	C:\WINDOWS\System32\profapi.dll
0x00007fff51b80000 - 0x00007fff51bcc000 	C:\WINDOWS\System32\powrprof.dll
0x00007fff51b10000 - 0x00007fff51b1a000 	C:\WINDOWS\System32\FLTLIB.DLL
0x00007fff4be30000 - 0x00007fff4be4a000 	C:\Program Files\Android\Android Studio\jre\jre\bin\net.dll
0x00007fff51330000 - 0x00007fff51396000 	C:\WINDOWS\system32\mswsock.dll
0x00007fff47b30000 - 0x00007fff47b41000 	C:\Program Files\Android\Android Studio\jre\jre\bin\nio.dll
0x00007fff4dae0000 - 0x00007fff4dafe000 	C:\Users\Lestari Siregar\.gradle\native\25\windows-amd64\native-platform.dll
0x00007fff4e330000 - 0x00007fff4e33d000 	C:\Program Files\Android\Android Studio\jre\jre\bin\management.dll
0x00007fff514e0000 - 0x00007fff514f7000 	C:\WINDOWS\SYSTEM32\CRYPTSP.dll
0x00007fff50f10000 - 0x00007fff50f43000 	C:\WINDOWS\system32\rsaenh.dll
0x00007fff51610000 - 0x00007fff51635000 	C:\WINDOWS\SYSTEM32\bcrypt.dll
0x00007fff51a40000 - 0x00007fff51a68000 	C:\WINDOWS\SYSTEM32\USERENV.dll
0x00007fff51500000 - 0x00007fff5150b000 	C:\WINDOWS\SYSTEM32\CRYPTBASE.dll
0x00007fff510b0000 - 0x00007fff510e8000 	C:\WINDOWS\SYSTEM32\IPHLPAPI.DLL
0x00007fff53990000 - 0x00007fff53998000 	C:\WINDOWS\System32\NSI.dll
0x00007fff4c310000 - 0x00007fff4c326000 	C:\WINDOWS\SYSTEM32\dhcpcsvc6.DLL
0x00007fff4cd50000 - 0x00007fff4cd6a000 	C:\WINDOWS\SYSTEM32\dhcpcsvc.DLL
0x00007fff45220000 - 0x00007fff45244000 	C:\Program Files\Android\Android Studio\jre\jre\bin\sunec.dll
0x00007fff510f0000 - 0x00007fff511ae000 	C:\WINDOWS\SYSTEM32\DNSAPI.dll
0x00007fff47910000 - 0x00007fff4791a000 	C:\Windows\System32\rasadhlp.dll
0x00007fff47de0000 - 0x00007fff47e52000 	C:\WINDOWS\System32\fwpuclnt.dll
0x00007fff4df30000 - 0x00007fff4df3b000 	C:\Program Files\Android\Android Studio\jre\jre\bin\sunmscapi.dll
0x00007fff52aa0000 - 0x00007fff52c82000 	C:\WINDOWS\System32\CRYPT32.dll
0x00007fff51b20000 - 0x00007fff51b32000 	C:\WINDOWS\System32\MSASN1.dll

VM Arguments:
jvm_args: -Xmx1536m -Dfile.encoding=windows-1252 -Duser.country=US -Duser.language=en -Duser.variant 
java_command: org.gradle.launcher.daemon.bootstrap.GradleDaemon 4.1
java_class_path (initial): C:\Users\Lestari Siregar\.gradle\wrapper\dists\gradle-4.1-all\bzyivzo6n839fup2jbap0tjew\gradle-4.1\lib\gradle-launcher-4.1.jar
Launcher Type: SUN_STANDARD

Environment Variables:
PATH=C:\ProgramData\Oracle\Java\javapath;C:\WINDOWS\system32;C:\WINDOWS;C:\WINDOWS\System32\Wbem;C:\WINDOWS\System32\WindowsPowerShell\v1.0\;C:\Program Files (x86)\GtkSharp\2.12\bin;C:\Program Files\Microsoft\Web Platform Installer\;C:\Program Files (x86)\Microsoft ASP.NET\ASP.NET Web Pages\v1.0\;C:\Program Files\Microsoft SQL Server\110\Tools\Binn\;C:\Program Files (x86)\Windows Kits\8.0\Windows Performance Toolkit\;C:\Program Files\tools\bin;C:\Program Files\Java\jdk1.8.0_141\bin;C:\Program Files\Java\jre1.8.0_141\bin;C:\WINDOWS\System32\OpenSSH\;C:\xampp\php;C:\ProgramData\ComposerSetup\bin;C:\Program Files\nodejs\;C:\Program Files (x86)\Yarn\bin\;C:\ProgramData\chocolatey\bin;C:\Users\Lestari Siregar\AppData\Local\Android\Sdk\emulator;C:\Program Files (x86)\IBM\SPSS\Statistics\22\JRE\bin;C:\Users\Lestari Siregar\Anaconda3;C:\Users\Lestari Siregar\Anaconda3\Scripts;C:\Users\Lestari Siregar\Anaconda3\Library\bin;C:\Users\Lestari Siregar\AppData\Local\Microsoft\WindowsApps;C:\Users\Lestari Siregar\AppData\Local\atom\bin;C:\Users\Lestari Siregar\AppData\Roaming\Composer\vendor\bin;C:\Users\Lestari Siregar\AppData\Roaming\npm;C:\Users\Lestari Siregar\AppData\Local\Yarn\bin
USERNAME=Lestari Siregar
OS=Windows_NT
PROCESSOR_IDENTIFIER=Intel64 Family 6 Model 61 Stepping 4, GenuineIntel



---------------  S Y S T E M  ---------------

OS: Windows 10.0 , 64 bit Build 17134 (10.0.17134.706)

CPU:total 4 (initial active 4) (2 cores per cpu, 2 threads per core) family 6 model 61 stepping 4, cmov, cx8, fxsr, mmx, sse, sse2, sse3, ssse3, sse4.1, sse4.2, popcnt, avx, avx2, aes, clmul, erms, 3dnowpref, lzcnt, ht, tsc, tscinvbit, bmi1, bmi2, adx

Memory: 4k page, physical 8306864k(336028k free), swap 12501168k(5620k free)

vm_info: OpenJDK 64-Bit Server VM (25.152-b06) for windows-amd64 JRE (1.8.0_152-release-1136-b06), built by "builder" with MS VC++ 10.0 (VS2010)

time: Sat May 11 12:15:14 2019
elapsed time: 964 seconds (0d 0h 16m 4s)

